<?xml version="1.0" encoding="UTF-8"?>
<!-- Generated by org.testng.reporters.JUnitReportReporter -->
<testsuite skipped="0" hostname="HP" name="Demo.Test.TestNGFeatures" tests="5" failures="0" timestamp="2021-10-27T15:41:56 IST" time="39.000" errors="0">
  <testcase name="Test3" time="6.203" classname="Demo.Test.TestNGFeatures"/>
  <system-out/>
  <testcase name="googleTitleTest" time="8.348" classname="Demo.Test.TestNGFeatures"/>
  <system-out/>
  <testcase name="googleLogoTest" time="6.404" classname="Demo.Test.TestNGFeatures"/>
  <system-out/>
  <testcase name="Test1" time="6.274" classname="Demo.Test.TestNGFeatures"/>
  <system-out/>
  <testcase name="Test2" time="11.771" classname="Demo.Test.TestNGFeatures"/>
  <system-out/>
</testsuite> <!-- Demo.Test.TestNGFeatures -->
