<?xml version="1.0" encoding="UTF-8"?>
<!-- Generated by org.testng.reporters.JUnitReportReporter -->
<testsuite skipped="0" hostname="HP" name="Demo.Test.Testng_Parallel" tests="1" failures="0" timestamp="2021-11-26T09:09:26 IST" time="7.007" errors="0">
  <testcase name="executSessionOne" time="7.007" classname="Demo.Test.Testng_Parallel"/>
  <system-out/>
</testsuite> <!-- Demo.Test.Testng_Parallel -->
