<?xml version="1.0" encoding="UTF-8"?>
<!-- Generated by org.testng.reporters.JUnitReportReporter -->
<testsuite skipped="0" hostname="HP" name="Demo.Test.Testng_Dataprovider" tests="5" failures="0" timestamp="2021-11-27T09:13:08 IST" time="0.024" errors="0">
  <testcase name="gg" time="0.000" classname="Demo.Test.Testng_Dataprovider"/>
  <system-out/>
  <testcase name="test2" time="0.008" classname="Demo.Test.Testng_Dataprovider"/>
  <system-out/>
  <testcase name="gg" time="0.000" classname="Demo.Test.Testng_Dataprovider"/>
  <system-out/>
  <testcase name="gg" time="0.016" classname="Demo.Test.Testng_Dataprovider"/>
  <system-out/>
  <testcase name="test2" time="0.000" classname="Demo.Test.Testng_Dataprovider"/>
  <system-out/>
</testsuite> <!-- Demo.Test.Testng_Dataprovider -->
