<?xml version="1.0" encoding="UTF-8"?>
<!-- Generated by org.testng.reporters.JUnitReportReporter -->
<testsuite skipped="0" hostname="HP" name="Demo.Test.TestNgBasics" tests="3" failures="0" timestamp="2021-11-24T23:22:01 IST" time="0.055" errors="0">
  <testcase name="BGoogleTitleTest" time="0.008" classname="Demo.Test.TestNgBasics"/>
  <system-out/>
  <testcase name="AGoogleLogoTest" time="0.036" classname="Demo.Test.TestNgBasics"/>
  <system-out/>
  <testcase name="CGoogleSearchTest" time="0.011" classname="Demo.Test.TestNgBasics"/>
  <system-out/>
</testsuite> <!-- Demo.Test.TestNgBasics -->
