<?xml version="1.0" encoding="UTF-8"?>
<!-- Generated by org.testng.reporters.JUnitReportReporter -->
<testsuite skipped="0" hostname="HP" name="Demo.Test.GoogleTest" tests="6" failures="0" timestamp="2021-10-31T20:48:40 IST" time="65.891" errors="0">
  <testcase name="Test3" time="7.798" classname="Demo.Test.GoogleTest"/>
  <system-out/>
  <testcase name="Test2" time="6.557" classname="Demo.Test.GoogleTest"/>
  <system-out/>
  <testcase name="googleTitleTest" time="6.080" classname="Demo.Test.GoogleTest"/>
  <system-out/>
  <testcase name="googleLogoTest" time="6.565" classname="Demo.Test.GoogleTest"/>
  <system-out/>
  <testcase name="mailLinkTest" time="23.369" classname="Demo.Test.GoogleTest"/>
  <system-out/>
  <testcase name="Test1" time="15.522" classname="Demo.Test.GoogleTest"/>
  <system-out/>
</testsuite> <!-- Demo.Test.GoogleTest -->
